{"/Users/michaelmcewen/projects/book-buddy/src/App.tsx": {"path":"/Users/michaelmcewen/projects/book-buddy/src/App.tsx","statementMap":{"0":{"start":{"line":1,"column":0},"end":{"line":1,"column":null}},"1":{"start":{"line":8,"column":0},"end":{"line":8,"column":73}},"2":{"start":{"line":9,"column":0},"end":{"line":9,"column":51}},"3":{"start":{"line":10,"column":0},"end":{"line":10,"column":61}},"4":{"start":{"line":11,"column":0},"end":{"line":11,"column":53}},"5":{"start":{"line":12,"column":0},"end":{"line":12,"column":19}},"6":{"start":{"line":14,"column":20},"end":{"line":14,"column":37}},"7":{"start":{"line":17,"column":19},"end":{"line":17,"column":32}},"8":{"start":{"line":18,"column":25},"end":{"line":18,"column":50}},"9":{"start":{"line":20,"column":2},"end":{"line":49,"column":4}},"10":{"start":{"line":53,"column":2},"end":{"line":61,"column":4}},"11":{"start":{"line":64,"column":0},"end":{"line":64,"column":19}}},"fnMap":{"0":{"name":"AppContent","decl":{"start":{"line":16,"column":9},"end":{"line":16,"column":19}},"loc":{"start":{"line":16,"column":19},"end":{"line":50,"column":1}}},"1":{"name":"App","decl":{"start":{"line":52,"column":9},"end":{"line":52,"column":12}},"loc":{"start":{"line":52,"column":12},"end":{"line":62,"column":1}}}},"branchMap":{"0":{"loc":{"start":{"line":22,"column":7},"end":{"line":22,"column":39}},"type":"binary-expr","locations":[{"start":{"line":22,"column":7},"end":{"line":22,"column":21}},{"start":{"line":22,"column":25},"end":{"line":22,"column":39}}]}},"s":{"0":0,"1":0,"2":0,"3":0,"4":0,"5":0,"6":0,"7":0,"8":0,"9":0,"10":0,"11":0},"f":{"0":0,"1":0},"b":{"0":[0,0]}}
,"/Users/michaelmcewen/projects/book-buddy/src/config.ts": {"path":"/Users/michaelmcewen/projects/book-buddy/src/config.ts","statementMap":{"0":{"start":{"line":1,"column":13},"end":{"line":1,"column":52}}},"fnMap":{},"branchMap":{},"s":{"0":0},"f":{},"b":{}}
,"/Users/michaelmcewen/projects/book-buddy/src/app/ReadingListView.tsx": {"path":"/Users/michaelmcewen/projects/book-buddy/src/app/ReadingListView.tsx","statementMap":{"0":{"start":{"line":1,"column":0},"end":{"line":1,"column":57}},"1":{"start":{"line":2,"column":0},"end":{"line":2,"column":76}},"2":{"start":{"line":4,"column":36},"end":{"line":13,"column":1}},"3":{"start":{"line":5,"column":49},"end":{"line":5,"column":65}},"4":{"start":{"line":7,"column":2},"end":{"line":12,"column":4}},"5":{"start":{"line":4,"column":13},"end":{"line":4,"column":36}}},"fnMap":{"0":{"name":"(anonymous_0)","decl":{"start":{"line":4,"column":36},"end":{"line":4,"column":39}},"loc":{"start":{"line":4,"column":41},"end":{"line":13,"column":1}}}},"branchMap":{},"s":{"0":0,"1":0,"2":0,"3":0,"4":0,"5":0},"f":{"0":0},"b":{}}
,"/Users/michaelmcewen/projects/book-buddy/src/app/SearchView.tsx": {"path":"/Users/michaelmcewen/projects/book-buddy/src/app/SearchView.tsx","statementMap":{"0":{"start":{"line":1,"column":0},"end":{"line":1,"column":33}},"1":{"start":{"line":2,"column":0},"end":{"line":2,"column":56}},"2":{"start":{"line":3,"column":0},"end":{"line":3,"column":54}},"3":{"start":{"line":4,"column":0},"end":{"line":4,"column":60}},"4":{"start":{"line":5,"column":0},"end":{"line":5,"column":45}},"5":{"start":{"line":6,"column":0},"end":{"line":6,"column":77}},"6":{"start":{"line":9,"column":31},"end":{"line":56,"column":1}},"7":{"start":{"line":10,"column":40},"end":{"line":10,"column":52}},"8":{"start":{"line":11,"column":38},"end":{"line":14,"column":4}},"9":{"start":{"line":20,"column":6},"end":{"line":20,"column":39}},"10":{"start":{"line":22,"column":18},"end":{"line":28,"column":4}},"11":{"start":{"line":30,"column":19},"end":{"line":34,"column":3}},"12":{"start":{"line":31,"column":4},"end":{"line":31,"column":31}},"13":{"start":{"line":33,"column":4},"end":{"line":33,"column":52}},"14":{"start":{"line":33,"column":28},"end":{"line":33,"column":50}},"15":{"start":{"line":36,"column":27},"end":{"line":40,"column":3}},"16":{"start":{"line":37,"column":4},"end":{"line":37,"column":49}},"17":{"start":{"line":37,"column":28},"end":{"line":37,"column":47}},"18":{"start":{"line":39,"column":4},"end":{"line":39,"column":52}},"19":{"start":{"line":42,"column":2},"end":{"line":55,"column":4}},"20":{"start":{"line":9,"column":13},"end":{"line":9,"column":31}}},"fnMap":{"0":{"name":"(anonymous_0)","decl":{"start":{"line":9,"column":31},"end":{"line":9,"column":34}},"loc":{"start":{"line":9,"column":36},"end":{"line":56,"column":1}}},"1":{"name":"(anonymous_1)","decl":{"start":{"line":30,"column":19},"end":{"line":30,"column":20}},"loc":{"start":{"line":30,"column":44},"end":{"line":34,"column":3}}},"2":{"name":"(anonymous_2)","decl":{"start":{"line":33,"column":18},"end":{"line":33,"column":19}},"loc":{"start":{"line":33,"column":28},"end":{"line":33,"column":50}}},"3":{"name":"(anonymous_3)","decl":{"start":{"line":36,"column":27},"end":{"line":36,"column":28}},"loc":{"start":{"line":36,"column":44},"end":{"line":40,"column":3}}},"4":{"name":"(anonymous_4)","decl":{"start":{"line":37,"column":18},"end":{"line":37,"column":19}},"loc":{"start":{"line":37,"column":28},"end":{"line":37,"column":47}}}},"branchMap":{"0":{"loc":{"start":{"line":45,"column":15},"end":{"line":45,"column":35}},"type":"cond-expr","locations":[{"start":{"line":45,"column":29},"end":{"line":45,"column":31}},{"start":{"line":45,"column":15},"end":{"line":45,"column":35}}]},"1":{"loc":{"start":{"line":45,"column":15},"end":{"line":45,"column":31}},"type":"binary-expr","locations":[{"start":{"line":45,"column":15},"end":{"line":45,"column":31}},{"start":{"line":45,"column":15},"end":{"line":45,"column":31}}]},"2":{"loc":{"start":{"line":46,"column":20},"end":{"line":46,"column":49}},"type":"binary-expr","locations":[{"start":{"line":46,"column":20},"end":{"line":46,"column":44}},{"start":{"line":46,"column":48},"end":{"line":46,"column":49}}]},"3":{"loc":{"start":{"line":46,"column":20},"end":{"line":46,"column":44}},"type":"cond-expr","locations":[{"start":{"line":46,"column":34},"end":{"line":46,"column":36}},{"start":{"line":46,"column":20},"end":{"line":46,"column":44}}]},"4":{"loc":{"start":{"line":46,"column":20},"end":{"line":46,"column":36}},"type":"binary-expr","locations":[{"start":{"line":46,"column":20},"end":{"line":46,"column":36}},{"start":{"line":46,"column":20},"end":{"line":46,"column":36}}]}},"s":{"0":0,"1":0,"2":0,"3":0,"4":0,"5":0,"6":0,"7":0,"8":0,"9":0,"10":0,"11":0,"12":0,"13":0,"14":0,"15":0,"16":0,"17":0,"18":0,"19":0,"20":0},"f":{"0":0,"1":0,"2":0,"3":0,"4":0},"b":{"0":[0,0],"1":[0,0],"2":[0,0],"3":[0,0],"4":[0,0]}}
,"/Users/michaelmcewen/projects/book-buddy/src/components/BookCardSkeleton.tsx": {"path":"/Users/michaelmcewen/projects/book-buddy/src/components/BookCardSkeleton.tsx","statementMap":{"0":{"start":{"line":1,"column":32},"end":{"line":23,"column":1}},"1":{"start":{"line":2,"column":2},"end":{"line":22,"column":4}},"2":{"start":{"line":1,"column":13},"end":{"line":1,"column":32}},"3":{"start":{"line":25,"column":32},"end":{"line":33,"column":1}},"4":{"start":{"line":26,"column":2},"end":{"line":32,"column":4}},"5":{"start":{"line":29,"column":8},"end":{"line":29,"column":40}},"6":{"start":{"line":25,"column":13},"end":{"line":25,"column":32}}},"fnMap":{"0":{"name":"(anonymous_0)","decl":{"start":{"line":1,"column":32},"end":{"line":1,"column":35}},"loc":{"start":{"line":1,"column":37},"end":{"line":23,"column":1}}},"1":{"name":"(anonymous_1)","decl":{"start":{"line":25,"column":32},"end":{"line":25,"column":33}},"loc":{"start":{"line":25,"column":71},"end":{"line":33,"column":1}}},"2":{"name":"(anonymous_2)","decl":{"start":{"line":28,"column":41},"end":{"line":28,"column":42}},"loc":{"start":{"line":29,"column":8},"end":{"line":29,"column":40}}}},"branchMap":{"0":{"loc":{"start":{"line":25,"column":35},"end":{"line":25,"column":45}},"type":"default-arg","locations":[{"start":{"line":25,"column":43},"end":{"line":25,"column":45}}]}},"s":{"0":0,"1":0,"2":0,"3":0,"4":0,"5":0,"6":0},"f":{"0":0,"1":0,"2":0},"b":{"0":[0]}}
,"/Users/michaelmcewen/projects/book-buddy/src/components/Navigation.tsx": {"path":"/Users/michaelmcewen/projects/book-buddy/src/components/Navigation.tsx","statementMap":{"0":{"start":{"line":1,"column":0},"end":{"line":1,"column":53}},"1":{"start":{"line":3,"column":26},"end":{"line":47,"column":1}},"2":{"start":{"line":4,"column":19},"end":{"line":4,"column":32}},"3":{"start":{"line":6,"column":19},"end":{"line":8,"column":3}},"4":{"start":{"line":7,"column":4},"end":{"line":7,"column":38}},"5":{"start":{"line":10,"column":2},"end":{"line":46,"column":4}},"6":{"start":{"line":3,"column":13},"end":{"line":3,"column":26}}},"fnMap":{"0":{"name":"(anonymous_0)","decl":{"start":{"line":3,"column":26},"end":{"line":3,"column":29}},"loc":{"start":{"line":3,"column":31},"end":{"line":47,"column":1}}},"1":{"name":"(anonymous_1)","decl":{"start":{"line":6,"column":19},"end":{"line":6,"column":20}},"loc":{"start":{"line":6,"column":36},"end":{"line":8,"column":3}}}},"branchMap":{"0":{"loc":{"start":{"line":25,"column":16},"end":{"line":27,"column":null}},"type":"cond-expr","locations":[{"start":{"line":26,"column":20},"end":{"line":26,"column":47}},{"start":{"line":27,"column":20},"end":{"line":27,"column":null}}]},"1":{"loc":{"start":{"line":35,"column":16},"end":{"line":37,"column":null}},"type":"cond-expr","locations":[{"start":{"line":36,"column":20},"end":{"line":36,"column":47}},{"start":{"line":37,"column":20},"end":{"line":37,"column":null}}]}},"s":{"0":0,"1":0,"2":0,"3":0,"4":0,"5":0,"6":0},"f":{"0":0,"1":0},"b":{"0":[0,0],"1":[0,0]}}
,"/Users/michaelmcewen/projects/book-buddy/src/components/form/TextField.tsx": {"path":"/Users/michaelmcewen/projects/book-buddy/src/components/form/TextField.tsx","statementMap":{"0":{"start":{"line":1,"column":0},"end":{"line":1,"column":49}},"1":{"start":{"line":10,"column":25},"end":{"line":55,"column":1}},"2":{"start":{"line":18,"column":6},"end":{"line":18,"column":22}},"3":{"start":{"line":20,"column":21},"end":{"line":20,"column":33}},"4":{"start":{"line":21,"column":19},"end":{"line":21,"column":31}},"5":{"start":{"line":23,"column":26},"end":{"line":23,"column":47}},"6":{"start":{"line":26,"column":4},"end":{"line":26,"column":91}},"7":{"start":{"line":28,"column":24},"end":{"line":31,"column":4}},"8":{"start":{"line":33,"column":29},"end":{"line":33,"column":51}},"9":{"start":{"line":35,"column":2},"end":{"line":54,"column":4}},"10":{"start":{"line":10,"column":13},"end":{"line":10,"column":25}}},"fnMap":{"0":{"name":"(anonymous_0)","decl":{"start":{"line":10,"column":25},"end":{"line":10,"column":26}},"loc":{"start":{"line":14,"column":21},"end":{"line":55,"column":1}}}},"branchMap":{"0":{"loc":{"start":{"line":13,"column":2},"end":{"line":13,"column":15}},"type":"default-arg","locations":[{"start":{"line":13,"column":9},"end":{"line":13,"column":15}}]},"1":{"loc":{"start":{"line":43,"column":24},"end":{"line":43,"column":54}},"type":"cond-expr","locations":[{"start":{"line":43,"column":35},"end":{"line":43,"column":42}},{"start":{"line":43,"column":45},"end":{"line":43,"column":54}}]},"2":{"loc":{"start":{"line":46,"column":26},"end":{"line":46,"column":64}},"type":"cond-expr","locations":[{"start":{"line":46,"column":37},"end":{"line":46,"column":52}},{"start":{"line":46,"column":55},"end":{"line":46,"column":64}}]},"3":{"loc":{"start":{"line":48,"column":7},"end":{"line":51,"column":null}},"type":"binary-expr","locations":[{"start":{"line":48,"column":7},"end":{"line":48,"column":17}},{"start":{"line":49,"column":8},"end":{"line":50,"column":null}}]}},"s":{"0":0,"1":0,"2":0,"3":0,"4":0,"5":0,"6":0,"7":0,"8":0,"9":0,"10":0},"f":{"0":0},"b":{"0":[0],"1":[0,0],"2":[0,0],"3":[0,0]}}
,"/Users/michaelmcewen/projects/book-buddy/src/hooks/useBooks.ts": {"path":"/Users/michaelmcewen/projects/book-buddy/src/hooks/useBooks.ts","statementMap":{"0":{"start":{"line":3,"column":0},"end":{"line":3,"column":49}},"1":{"start":{"line":5,"column":20},"end":{"line":24,"column":2}},"2":{"start":{"line":8,"column":29},"end":{"line":24,"column":2}},"3":{"start":{"line":9,"column":2},"end":{"line":9,"column":78}},"4":{"start":{"line":9,"column":14},"end":{"line":9,"column":78}},"5":{"start":{"line":11,"column":17},"end":{"line":11,"column":57}},"6":{"start":{"line":12,"column":19},"end":{"line":15,"column":null}},"7":{"start":{"line":18,"column":2},"end":{"line":20,"column":3}},"8":{"start":{"line":19,"column":4},"end":{"line":19,"column":45}},"9":{"start":{"line":22,"column":15},"end":{"line":22,"column":36}},"10":{"start":{"line":23,"column":2},"end":{"line":23,"column":14}},"11":{"start":{"line":26,"column":24},"end":{"line":32,"column":1}},"12":{"start":{"line":27,"column":2},"end":{"line":31,"column":5}},"13":{"start":{"line":29,"column":19},"end":{"line":29,"column":49}},"14":{"start":{"line":26,"column":13},"end":{"line":26,"column":24}}},"fnMap":{"0":{"name":"(anonymous_7)","decl":{"start":{"line":5,"column":20},"end":{"line":5,"column":null}},"loc":{"start":{"line":8,"column":29},"end":{"line":24,"column":2}}},"1":{"name":"(anonymous_8)","decl":{"start":{"line":8,"column":29},"end":{"line":8,"column":null}},"loc":{"start":{"line":8,"column":29},"end":{"line":24,"column":1}}},"2":{"name":"(anonymous_9)","decl":{"start":{"line":26,"column":24},"end":{"line":26,"column":25}},"loc":{"start":{"line":26,"column":72},"end":{"line":32,"column":1}}},"3":{"name":"(anonymous_10)","decl":{"start":{"line":29,"column":13},"end":{"line":29,"column":16}},"loc":{"start":{"line":29,"column":19},"end":{"line":29,"column":49}}}},"branchMap":{"0":{"loc":{"start":{"line":9,"column":2},"end":{"line":9,"column":78}},"type":"if","locations":[{"start":{"line":9,"column":2},"end":{"line":9,"column":78}},{"start":{},"end":{}}]},"1":{"loc":{"start":{"line":18,"column":2},"end":{"line":20,"column":3}},"type":"if","locations":[{"start":{"line":18,"column":2},"end":{"line":20,"column":3}},{"start":{},"end":{}}]}},"s":{"0":0,"1":0,"2":0,"3":0,"4":0,"5":0,"6":0,"7":0,"8":0,"9":0,"10":0,"11":0,"12":0,"13":0,"14":0},"f":{"0":0,"1":0,"2":0,"3":0},"b":{"0":[0,0],"1":[0,0]}}
,"/Users/michaelmcewen/projects/book-buddy/src/hooks/useReadingList.ts": {"path":"/Users/michaelmcewen/projects/book-buddy/src/hooks/useReadingList.ts","statementMap":{"0":{"start":{"line":3,"column":0},"end":{"line":3,"column":44}},"1":{"start":{"line":5,"column":0},"end":{"line":5,"column":40}},"2":{"start":{"line":7,"column":30},"end":{"line":40,"column":1}},"3":{"start":{"line":8,"column":40},"end":{"line":11,"column":4}},"4":{"start":{"line":9,"column":19},"end":{"line":9,"column":52}},"5":{"start":{"line":10,"column":4},"end":{"line":10,"column":44}},"6":{"start":{"line":13,"column":2},"end":{"line":15,"column":20}},"7":{"start":{"line":14,"column":4},"end":{"line":14,"column":67}},"8":{"start":{"line":17,"column":27},"end":{"line":24,"column":3}},"9":{"start":{"line":18,"column":4},"end":{"line":23,"column":7}},"10":{"start":{"line":19,"column":6},"end":{"line":21,"column":7}},"11":{"start":{"line":19,"column":30},"end":{"line":19,"column":48}},"12":{"start":{"line":20,"column":8},"end":{"line":20,"column":23}},"13":{"start":{"line":22,"column":6},"end":{"line":22,"column":32}},"14":{"start":{"line":26,"column":32},"end":{"line":28,"column":3}},"15":{"start":{"line":27,"column":4},"end":{"line":27,"column":80}},"16":{"start":{"line":27,"column":32},"end":{"line":27,"column":78}},"17":{"start":{"line":27,"column":57},"end":{"line":27,"column":77}},"18":{"start":{"line":30,"column":26},"end":{"line":32,"column":3}},"19":{"start":{"line":31,"column":4},"end":{"line":31,"column":60}},"20":{"start":{"line":31,"column":38},"end":{"line":31,"column":58}},"21":{"start":{"line":34,"column":2},"end":{"line":39,"column":4}},"22":{"start":{"line":7,"column":13},"end":{"line":7,"column":30}}},"fnMap":{"0":{"name":"(anonymous_0)","decl":{"start":{"line":7,"column":30},"end":{"line":7,"column":33}},"loc":{"start":{"line":7,"column":35},"end":{"line":40,"column":1}}},"1":{"name":"(anonymous_1)","decl":{"start":{"line":8,"column":57},"end":{"line":8,"column":60}},"loc":{"start":{"line":8,"column":62},"end":{"line":11,"column":3}}},"2":{"name":"(anonymous_2)","decl":{"start":{"line":13,"column":12},"end":{"line":13,"column":15}},"loc":{"start":{"line":13,"column":17},"end":{"line":15,"column":3}}},"3":{"name":"(anonymous_3)","decl":{"start":{"line":17,"column":27},"end":{"line":17,"column":28}},"loc":{"start":{"line":17,"column":42},"end":{"line":24,"column":3}}},"4":{"name":"(anonymous_4)","decl":{"start":{"line":18,"column":19},"end":{"line":18,"column":20}},"loc":{"start":{"line":18,"column":31},"end":{"line":23,"column":5}}},"5":{"name":"(anonymous_5)","decl":{"start":{"line":19,"column":23},"end":{"line":19,"column":24}},"loc":{"start":{"line":19,"column":30},"end":{"line":19,"column":48}}},"6":{"name":"(anonymous_6)","decl":{"start":{"line":26,"column":32},"end":{"line":26,"column":33}},"loc":{"start":{"line":26,"column":52},"end":{"line":28,"column":3}}},"7":{"name":"(anonymous_7)","decl":{"start":{"line":27,"column":19},"end":{"line":27,"column":20}},"loc":{"start":{"line":27,"column":32},"end":{"line":27,"column":78}}},"8":{"name":"(anonymous_8)","decl":{"start":{"line":27,"column":47},"end":{"line":27,"column":48}},"loc":{"start":{"line":27,"column":57},"end":{"line":27,"column":77}}},"9":{"name":"(anonymous_9)","decl":{"start":{"line":30,"column":26},"end":{"line":30,"column":27}},"loc":{"start":{"line":30,"column":46},"end":{"line":32,"column":3}}},"10":{"name":"(anonymous_10)","decl":{"start":{"line":31,"column":28},"end":{"line":31,"column":29}},"loc":{"start":{"line":31,"column":38},"end":{"line":31,"column":58}}}},"branchMap":{"0":{"loc":{"start":{"line":10,"column":11},"end":{"line":10,"column":43}},"type":"cond-expr","locations":[{"start":{"line":10,"column":20},"end":{"line":10,"column":38}},{"start":{"line":10,"column":41},"end":{"line":10,"column":43}}]},"1":{"loc":{"start":{"line":19,"column":6},"end":{"line":21,"column":7}},"type":"if","locations":[{"start":{"line":19,"column":6},"end":{"line":21,"column":7}},{"start":{},"end":{}}]}},"s":{"0":0,"1":0,"2":0,"3":0,"4":0,"5":0,"6":0,"7":0,"8":0,"9":0,"10":0,"11":0,"12":0,"13":0,"14":0,"15":0,"16":0,"17":0,"18":0,"19":0,"20":0,"21":0,"22":0},"f":{"0":0,"1":0,"2":0,"3":0,"4":0,"5":0,"6":0,"7":0,"8":0,"9":0,"10":0},"b":{"0":[0,0],"1":[0,0]}}
,"/Users/michaelmcewen/projects/book-buddy/src/types/search-form.ts": {"path":"/Users/michaelmcewen/projects/book-buddy/src/types/search-form.ts","statementMap":{"0":{"start":{"line":1,"column":0},"end":{"line":1,"column":24}},"1":{"start":{"line":3,"column":13},"end":{"line":13,"column":3}}},"fnMap":{},"branchMap":{},"s":{"0":0,"1":0},"f":{},"b":{}}
}
